Build started 2016-12-01 11:46:58 AM.
     1>Project "C:\Users\aline\OneDrive\Documents\GitHub\RPG_RETAKE\COMP345_full_v2\COMP345_full_v0.vcxproj" on node 2 (Build target(s)).
     1>ClCompile:
         C:\Program Files (x86)\Microsoft Visual Studio 12.0\VC\bin\CL.exe /c /IC:\local\boost_1_62_0 /ZI /nologo /W3 /WX- /sdl /Od /Oy- /D WIN32 /D _DEBUG /D _CONSOLE /D _LIB /D _UNICODE /D UNICODE /Gm /EHsc /RTC1 /MDd /GS /fp:precise /Zc:wchar_t /Zc:forScope /Yc"stdafx.h" /Fp"Debug\COMP345_full_v0.pch" /Fo"Debug\\" /Fd"Debug\vc120.pdb" /Gd /TP /analyze- /errorReport:prompt stdafx.cpp
         stdafx.cpp
         C:\Program Files (x86)\Microsoft Visual Studio 12.0\VC\bin\CL.exe /c /IC:\local\boost_1_62_0 /ZI /nologo /W3 /WX- /sdl /Od /Oy- /D WIN32 /D _DEBUG /D _CONSOLE /D _LIB /D _UNICODE /D UNICODE /Gm /EHsc /RTC1 /MDd /GS /fp:precise /Zc:wchar_t /Zc:forScope /Yu"stdafx.h" /Fp"Debug\COMP345_full_v0.pch" /Fo"Debug\\" /Fd"Debug\vc120.pdb" /Gd /TP /analyze- /errorReport:prompt basic_structure.cpp campain.cpp cell.cpp character.cpp character_strategy.cpp config.cpp driver2.cpp game.cpp inv2.cpp Logger.cpp map.cpp Subject.cpp
         Subject.cpp
         map.cpp
     1>c:\users\aline\onedrive\documents\github\rpg_retake\comp345_full_v2\basic_structure.h(41): warning C4800: 'int' : forcing value to bool 'true' or 'false' (performance warning)
     1>c:\users\aline\onedrive\documents\github\rpg_retake\comp345_full_v2\basic_structure.h(45): warning C4806: '==' : unsafe operation: no value of type 'bool' promoted to type 'int' can equal the given constant
     1>c:\users\aline\onedrive\documents\github\rpg_retake\comp345_full_v2\basic_structure.h(114): warning C4309: 'initializing' : truncation of constant value
     1>c:\users\aline\onedrive\documents\github\rpg_retake\comp345_full_v2\map.h(138): warning C4227: anachronism used : qualifiers on reference are ignored
     1>c:\users\aline\onedrive\documents\github\rpg_retake\comp345_full_v2\map.h(139): warning C4227: anachronism used : qualifiers on reference are ignored
     1>c:\users\aline\onedrive\documents\github\rpg_retake\comp345_full_v2\map.cpp(126): warning C4101: 'temp' : unreferenced local variable
     1>c:\users\aline\onedrive\documents\github\rpg_retake\comp345_full_v2\map.cpp(322): warning C4101: 'dest' : unreferenced local variable
     1>c:\users\aline\onedrive\documents\github\rpg_retake\comp345_full_v2\map.cpp(658): warning C4101: 'temp' : unreferenced local variable
         Logger.cpp
         inv2.cpp
     1>c:\users\aline\onedrive\documents\github\rpg_retake\comp345_full_v2\inv2.cpp(144): warning C4244: '=' : conversion from 'double' to 'float', possible loss of data
     1>c:\users\aline\onedrive\documents\github\rpg_retake\comp345_full_v2\inv2.cpp(170): warning C4101: 'i' : unreferenced local variable
     1>c:\users\aline\onedrive\documents\github\rpg_retake\comp345_full_v2\inv2.cpp(350): warning C4101: 'i' : unreferenced local variable
         game.cpp
     1>c:\users\aline\onedrive\documents\github\rpg_retake\comp345_full_v2\basic_structure.h(41): warning C4800: 'int' : forcing value to bool 'true' or 'false' (performance warning)
     1>c:\users\aline\onedrive\documents\github\rpg_retake\comp345_full_v2\basic_structure.h(45): warning C4806: '==' : unsafe operation: no value of type 'bool' promoted to type 'int' can equal the given constant
     1>c:\users\aline\onedrive\documents\github\rpg_retake\comp345_full_v2\basic_structure.h(114): warning C4309: 'initializing' : truncation of constant value
     1>c:\users\aline\onedrive\documents\github\rpg_retake\comp345_full_v2\map.h(138): warning C4227: anachronism used : qualifiers on reference are ignored
     1>c:\users\aline\onedrive\documents\github\rpg_retake\comp345_full_v2\map.h(139): warning C4227: anachronism used : qualifiers on reference are ignored
     1>c:\users\aline\onedrive\documents\github\rpg_retake\comp345_full_v2\game.cpp(24): warning C4101: 'k' : unreferenced local variable
         driver2.cpp
     1>c:\users\aline\onedrive\documents\github\rpg_retake\comp345_full_v2\basic_structure.h(41): warning C4800: 'int' : forcing value to bool 'true' or 'false' (performance warning)
     1>c:\users\aline\onedrive\documents\github\rpg_retake\comp345_full_v2\basic_structure.h(45): warning C4806: '==' : unsafe operation: no value of type 'bool' promoted to type 'int' can equal the given constant
     1>c:\users\aline\onedrive\documents\github\rpg_retake\comp345_full_v2\basic_structure.h(114): warning C4309: 'initializing' : truncation of constant value
     1>c:\users\aline\onedrive\documents\github\rpg_retake\comp345_full_v2\map.h(138): warning C4227: anachronism used : qualifiers on reference are ignored
     1>c:\users\aline\onedrive\documents\github\rpg_retake\comp345_full_v2\map.h(139): warning C4227: anachronism used : qualifiers on reference are ignored
     1>c:\users\aline\onedrive\documents\github\rpg_retake\comp345_full_v2\driver2.cpp(18): warning C4018: '<=' : signed/unsigned mismatch
     1>c:\users\aline\onedrive\documents\github\rpg_retake\comp345_full_v2\driver2.cpp(26): warning C4101: 'i' : unreferenced local variable
     1>c:\users\aline\onedrive\documents\github\rpg_retake\comp345_full_v2\driver2.cpp(684): warning C4244: 'argument' : conversion from 'time_t' to 'unsigned int', possible loss of data
     1>c:\users\aline\onedrive\documents\github\rpg_retake\comp345_full_v2\driver2.cpp(682): warning C4101: 'k' : unreferenced local variable
         config.cpp
         character_strategy.cpp
     1>c:\users\aline\onedrive\documents\github\rpg_retake\comp345_full_v2\basic_structure.h(41): warning C4800: 'int' : forcing value to bool 'true' or 'false' (performance warning)
     1>c:\users\aline\onedrive\documents\github\rpg_retake\comp345_full_v2\basic_structure.h(45): warning C4806: '==' : unsafe operation: no value of type 'bool' promoted to type 'int' can equal the given constant
     1>c:\users\aline\onedrive\documents\github\rpg_retake\comp345_full_v2\basic_structure.h(114): warning C4309: 'initializing' : truncation of constant value
     1>c:\users\aline\onedrive\documents\github\rpg_retake\comp345_full_v2\map.h(138): warning C4227: anachronism used : qualifiers on reference are ignored
     1>c:\users\aline\onedrive\documents\github\rpg_retake\comp345_full_v2\map.h(139): warning C4227: anachronism used : qualifiers on reference are ignored
     1>c:\users\aline\onedrive\documents\github\rpg_retake\comp345_full_v2\character_strategy.cpp(12): warning C4305: 'initializing' : truncation from 'double' to 'const float'
     1>c:\users\aline\onedrive\documents\github\rpg_retake\comp345_full_v2\character_strategy.cpp(18): warning C4244: 'initializing' : conversion from 'int' to 'float', possible loss of data
     1>c:\users\aline\onedrive\documents\github\rpg_retake\comp345_full_v2\character_strategy.cpp(19): warning C4244: 'initializing' : conversion from 'int' to 'float', possible loss of data
     1>c:\users\aline\onedrive\documents\github\rpg_retake\comp345_full_v2\character_strategy.cpp(176): warning C4018: '<' : signed/unsigned mismatch
     1>c:\users\aline\onedrive\documents\github\rpg_retake\comp345_full_v2\character_strategy.cpp(193): warning C4018: '<' : signed/unsigned mismatch
     1>c:\users\aline\onedrive\documents\github\rpg_retake\comp345_full_v2\character_strategy.cpp(230): warning C4018: '<' : signed/unsigned mismatch
     1>c:\users\aline\onedrive\documents\github\rpg_retake\comp345_full_v2\character_strategy.cpp(269): warning C4018: '<' : signed/unsigned mismatch
     1>c:\users\aline\onedrive\documents\github\rpg_retake\comp345_full_v2\character_strategy.cpp(292): warning C4018: '<' : signed/unsigned mismatch
         character.cpp
     1>c:\users\aline\onedrive\documents\github\rpg_retake\comp345_full_v2\basic_structure.h(41): warning C4800: 'int' : forcing value to bool 'true' or 'false' (performance warning)
     1>c:\users\aline\onedrive\documents\github\rpg_retake\comp345_full_v2\basic_structure.h(45): warning C4806: '==' : unsafe operation: no value of type 'bool' promoted to type 'int' can equal the given constant
     1>c:\users\aline\onedrive\documents\github\rpg_retake\comp345_full_v2\basic_structure.h(114): warning C4309: 'initializing' : truncation of constant value
     1>c:\users\aline\onedrive\documents\github\rpg_retake\comp345_full_v2\map.h(138): warning C4227: anachronism used : qualifiers on reference are ignored
     1>c:\users\aline\onedrive\documents\github\rpg_retake\comp345_full_v2\map.h(139): warning C4227: anachronism used : qualifiers on reference are ignored
     1>c:\users\aline\onedrive\documents\github\rpg_retake\comp345_full_v2\character.cpp(31): warning C4553: '==' : operator has no effect; did you intend '='?
     1>c:\users\aline\onedrive\documents\github\rpg_retake\comp345_full_v2\character.cpp(25): warning C4101: 'i' : unreferenced local variable
     1>c:\users\aline\onedrive\documents\github\rpg_retake\comp345_full_v2\character.cpp(93): warning C4101: 'i' : unreferenced local variable
     1>c:\users\aline\onedrive\documents\github\rpg_retake\comp345_full_v2\character.cpp(217): warning C4800: 'int' : forcing value to bool 'true' or 'false' (performance warning)
     1>c:\users\aline\onedrive\documents\github\rpg_retake\comp345_full_v2\character.cpp(225): warning C4800: 'int' : forcing value to bool 'true' or 'false' (performance warning)
     1>c:\users\aline\onedrive\documents\github\rpg_retake\comp345_full_v2\character.cpp(385): warning C4018: '<' : signed/unsigned mismatch
     1>c:\users\aline\onedrive\documents\github\rpg_retake\comp345_full_v2\character.cpp(377): warning C4101: 'j' : unreferenced local variable
         cell.cpp
         campain.cpp
     1>c:\users\aline\onedrive\documents\github\rpg_retake\comp345_full_v2\basic_structure.h(41): warning C4800: 'int' : forcing value to bool 'true' or 'false' (performance warning)
     1>c:\users\aline\onedrive\documents\github\rpg_retake\comp345_full_v2\basic_structure.h(45): warning C4806: '==' : unsafe operation: no value of type 'bool' promoted to type 'int' can equal the given constant
     1>c:\users\aline\onedrive\documents\github\rpg_retake\comp345_full_v2\basic_structure.h(114): warning C4309: 'initializing' : truncation of constant value
     1>c:\users\aline\onedrive\documents\github\rpg_retake\comp345_full_v2\map.h(138): warning C4227: anachronism used : qualifiers on reference are ignored
     1>c:\users\aline\onedrive\documents\github\rpg_retake\comp345_full_v2\map.h(139): warning C4227: anachronism used : qualifiers on reference are ignored
         basic_structure.cpp
     1>c:\users\aline\onedrive\documents\github\rpg_retake\comp345_full_v2\basic_structure.h(41): warning C4800: 'int' : forcing value to bool 'true' or 'false' (performance warning)
     1>c:\users\aline\onedrive\documents\github\rpg_retake\comp345_full_v2\basic_structure.h(45): warning C4806: '==' : unsafe operation: no value of type 'bool' promoted to type 'int' can equal the given constant
     1>c:\users\aline\onedrive\documents\github\rpg_retake\comp345_full_v2\basic_structure.h(114): warning C4309: 'initializing' : truncation of constant value
     1>c:\users\aline\onedrive\documents\github\rpg_retake\comp345_full_v2\basic_structure.cpp(26): warning C4305: '=' : truncation from 'int' to 'bool'
         Generating Code...
     1>c:\users\aline\onedrive\documents\github\rpg_retake\comp345_full_v2\map.cpp(32): warning C4715: 'Direction::randDir' : not all control paths return a value
       Link:
         C:\Program Files (x86)\Microsoft Visual Studio 12.0\VC\bin\link.exe /ERRORREPORT:PROMPT /OUT:"C:\Users\aline\OneDrive\Documents\GitHub\RPG_RETAKE\COMP345_full_v2\Debug\COMP345_full_v0.exe" /INCREMENTAL /NOLOGO /LIBPATH:"C:\local\boost_1_62_0\lib32-msvc-12.0" kernel32.lib user32.lib gdi32.lib winspool.lib comdlg32.lib advapi32.lib shell32.lib ole32.lib oleaut32.lib uuid.lib odbc32.lib odbccp32.lib /MANIFEST /MANIFESTUAC:"level='asInvoker' uiAccess='false'" /manifest:embed /DEBUG /PDB:"C:\Users\aline\OneDrive\Documents\GitHub\RPG_RETAKE\COMP345_full_v2\Debug\COMP345_full_v0.pdb" /SUBSYSTEM:CONSOLE /TLBID:1 /DYNAMICBASE /NXCOMPAT /IMPLIB:"C:\Users\aline\OneDrive\Documents\GitHub\RPG_RETAKE\COMP345_full_v2\Debug\COMP345_full_v0.lib" /MACHINE:X86 Debug\basic_structure.obj
         Debug\campain.obj
         Debug\cell.obj
         Debug\character.obj
         Debug\character_strategy.obj
         Debug\config.obj
         Debug\driver2.obj
         Debug\game.obj
         Debug\inv2.obj
         Debug\Logger.obj
         Debug\map.obj
         Debug\stdafx.obj
         Debug\Subject.obj
         LINK : C:\Users\aline\OneDrive\Documents\GitHub\RPG_RETAKE\COMP345_full_v2\Debug\COMP345_full_v0.exe not found or not built by the last incremental link; performing full link
            Creating library C:\Users\aline\OneDrive\Documents\GitHub\RPG_RETAKE\COMP345_full_v2\Debug\COMP345_full_v0.lib and object C:\Users\aline\OneDrive\Documents\GitHub\RPG_RETAKE\COMP345_full_v2\Debug\COMP345_full_v0.exp
         COMP345_full_v0.vcxproj -> C:\Users\aline\OneDrive\Documents\GitHub\RPG_RETAKE\COMP345_full_v2\Debug\COMP345_full_v0.exe
     1>Done Building Project "C:\Users\aline\OneDrive\Documents\GitHub\RPG_RETAKE\COMP345_full_v2\COMP345_full_v0.vcxproj" (Build target(s)).

Build succeeded.

Time Elapsed 00:00:22.65
